d:\aboutcourse\software\homework\fifth_project\release\main.obj
d:\aboutcourse\software\homework\fifth_project\release\vc100.pdb
d:\aboutcourse\software\homework\fifth_project\release\fifth_project.lib
d:\aboutcourse\software\homework\fifth_project\release\fifth_project.exp
d:\aboutcourse\software\homework\fifth_project\release\fifth_project.exe
d:\aboutcourse\software\homework\fifth_project\release\fifth_project.exe.intermediate.manifest
d:\aboutcourse\software\homework\fifth_project\release\fifth_project.pdb
e:\ouc\学习资料\大三上\softwareclass\github\project\fifth_project\release\vc140.pdb
e:\ouc\学习资料\大三上\softwareclass\github\project\fifth_project\release\main.obj
e:\ouc\学习资料\大三上\softwareclass\github\project\fifth_project\release\fifth_project.vcxprojresolveassemblyreference.cache
e:\ouc\学习资料\大三上\softwareclass\github\project\fifth_project\release\fifth_project.ipdb
e:\ouc\学习资料\大三上\softwareclass\github\project\fifth_project\release\fifth_project.iobj
e:\ouc\学习资料\大三上\softwareclass\github\project\fifth_project\release\cl.command.1.tlog
e:\ouc\学习资料\大三上\softwareclass\github\project\fifth_project\release\cl.read.1.tlog
e:\ouc\学习资料\大三上\softwareclass\github\project\fifth_project\release\cl.write.1.tlog
e:\ouc\学习资料\大三上\softwareclass\github\project\fifth_project\release\fifth_project.write.1.tlog
e:\ouc\学习资料\大三上\softwareclass\github\project\fifth_project\release\link.command.1.tlog
e:\ouc\学习资料\大三上\softwareclass\github\project\fifth_project\release\link.read.1.tlog
e:\ouc\学习资料\大三上\softwareclass\github\project\fifth_project\release\link.write.1.tlog
e:\ouc\学习资料\大三上\softwareclass\github\project\fifth_project\release\mt.command.1.tlog
e:\ouc\学习资料\大三上\softwareclass\github\project\fifth_project\release\mt.read.1.tlog
e:\ouc\学习资料\大三上\softwareclass\github\project\fifth_project\release\mt.write.1.tlog
e:\ouc\学习资料\大三上\softwareclass\github\project\fifth_project\release\fifth_project.exe.intermediate.manifest
e:\ouc\学习资料\大三上\softwareclass\github\project\fifth_project\release\fifth_project.exp
e:\ouc\学习资料\大三上\softwareclass\github\project\fifth_project\release\fifth_project.pdb
e:\ouc\学习资料\大三上\softwareclass\github\project\fifth_project\release\vc100.pdb
e:\ouc\学习资料\大三上\softwareclass\github\project\fifth_project\release\fifth_project.tlog\cl.command.1.tlog
e:\ouc\学习资料\大三上\softwareclass\github\project\fifth_project\release\fifth_project.tlog\cl.read.1.tlog
e:\ouc\学习资料\大三上\softwareclass\github\project\fifth_project\release\fifth_project.tlog\cl.write.1.tlog
e:\ouc\学习资料\大三上\softwareclass\github\project\fifth_project\release\fifth_project.tlog\link-cvtres.read.1.tlog
e:\ouc\学习资料\大三上\softwareclass\github\project\fifth_project\release\fifth_project.tlog\link-cvtres.write.1.tlog
e:\ouc\学习资料\大三上\softwareclass\github\project\fifth_project\release\fifth_project.tlog\link-rc.read.1.tlog
e:\ouc\学习资料\大三上\softwareclass\github\project\fifth_project\release\fifth_project.tlog\link-rc.write.1.tlog
e:\ouc\学习资料\大三上\softwareclass\github\project\fifth_project\release\fifth_project.tlog\link.command.1.tlog
e:\ouc\学习资料\大三上\softwareclass\github\project\fifth_project\release\fifth_project.tlog\link.read.1.tlog
e:\ouc\学习资料\大三上\softwareclass\github\project\fifth_project\release\fifth_project.tlog\link.write.1.tlog
