生成启动时间为 2018/11/26 10:41:48。
     1>项目“D:\AboutCourse\Software\homework\fifth_project\fifth_project.vcxproj”在节点 2 上(build 个目标)。
     1>InitializeBuildStatus:
         正在创建“Release\fifth_project.unsuccessfulbuild”，因为已指定“AlwaysCreate”。
       ClCompile:
         D:\AboutCourse\软件工程\VC++2010\VC\bin\CL.exe /c /Zi /nologo /W3 /WX- /O2 /Oi /Oy- /GL /D _MBCS /Gm- /EHsc /MD /GS /Gy /fp:precise /Zc:wchar_t /Zc:forScope /Fo"Release\\" /Fd"Release\vc100.pdb" /Gd /TP /analyze- /errorReport:prompt main.cpp
         main.cpp
     1>main.cpp(8): warning C4244: “初始化”: 从“double”转换到“float”，可能丢失数据
     1>main.cpp(8): warning C4244: “初始化”: 从“double”转换到“float”，可能丢失数据
     1>main.cpp(8): warning C4244: “初始化”: 从“double”转换到“float”，可能丢失数据
     1>main.cpp(9): warning C4244: “初始化”: 从“double”转换到“float”，可能丢失数据
     1>main.cpp(9): warning C4244: “初始化”: 从“double”转换到“float”，可能丢失数据
     1>main.cpp(10): warning C4244: “初始化”: 从“double”转换到“float”，可能丢失数据
     1>main.cpp(10): warning C4244: “初始化”: 从“double”转换到“float”，可能丢失数据
     1>main.cpp(11): warning C4244: “初始化”: 从“double”转换到“float”，可能丢失数据
     1>main.cpp(11): warning C4244: “初始化”: 从“double”转换到“float”，可能丢失数据
     1>main.cpp(12): warning C4244: “初始化”: 从“double”转换到“float”，可能丢失数据
     1>main.cpp(42): warning C4101: “trans_res”: 未引用的局部变量
       Link:
         D:\AboutCourse\软件工程\VC++2010\VC\bin\link.exe /ERRORREPORT:PROMPT /OUT:"D:\AboutCourse\Software\homework\fifth_project\Release\fifth_project.exe" /NOLOGO kernel32.lib user32.lib gdi32.lib winspool.lib comdlg32.lib advapi32.lib shell32.lib ole32.lib oleaut32.lib uuid.lib odbc32.lib odbccp32.lib /MANIFEST /ManifestFile:"Release\fifth_project.exe.intermediate.manifest" /MANIFESTUAC:"level='asInvoker' uiAccess='false'" /DEBUG /PDB:"D:\AboutCourse\Software\homework\fifth_project\Release\fifth_project.pdb" /OPT:REF /OPT:ICF /LTCG /TLBID:1 /DYNAMICBASE /NXCOMPAT /IMPLIB:"D:\AboutCourse\Software\homework\fifth_project\Release\fifth_project.lib" /MACHINE:X86 Release\main.obj
            正在创建库 D:\AboutCourse\Software\homework\fifth_project\Release\fifth_project.lib 和对象 D:\AboutCourse\Software\homework\fifth_project\Release\fifth_project.exp
         正在生成代码
         已完成代码的生成
         fifth_project.vcxproj -> D:\AboutCourse\Software\homework\fifth_project\Release\fifth_project.exe
       Manifest:
         C:\Program Files (x86)\Microsoft SDKs\Windows\v7.0A\bin\mt.exe /nologo /verbose /outputresource:"D:\AboutCourse\Software\homework\fifth_project\Release\fifth_project.exe;#1" /manifest Release\fifth_project.exe.intermediate.manifest
       FinalizeBuildStatus:
         正在删除文件“Release\fifth_project.unsuccessfulbuild”。
         正在对“Release\fifth_project.lastbuildstate”执行 Touch 任务。
     1>已完成生成项目“D:\AboutCourse\Software\homework\fifth_project\fifth_project.vcxproj”(build 个目标)的操作。

生成成功。

已用时间 00:00:01.44
