生成启动时间为 2018/10/29 0:58:27。
     1>项目“D:\AboutCourse\Software\homework\third_project\third_project.vcxproj”在节点 2 上(build 个目标)。
     1>InitializeBuildStatus:
         正在创建“Release\third_project.unsuccessfulbuild”，因为已指定“AlwaysCreate”。
       ClCompile:
         D:\AboutCourse\软件工程\VC++2010\VC\bin\CL.exe /c /Zi /nologo /W3 /WX- /O2 /Oi /Oy- /GL /D WIN32 /D NDEBUG /D _CONSOLE /D _UNICODE /D UNICODE /Gm- /EHsc /MD /GS /Gy /fp:precise /Zc:wchar_t /Zc:forScope /Fo"Release\\" /Fd"Release\vc100.pdb" /Gd /TP /analyze- /errorReport:prompt main.cpp
         main.cpp
       Link:
         D:\AboutCourse\软件工程\VC++2010\VC\bin\link.exe /ERRORREPORT:PROMPT /OUT:"D:\AboutCourse\Software\homework\third_project\Release\third_project.exe" /INCREMENTAL:NO /NOLOGO kernel32.lib user32.lib gdi32.lib winspool.lib comdlg32.lib advapi32.lib shell32.lib ole32.lib oleaut32.lib uuid.lib odbc32.lib odbccp32.lib /MANIFEST /ManifestFile:"Release\third_project.exe.intermediate.manifest" /MANIFESTUAC:"level='asInvoker' uiAccess='false'" /DEBUG /PDB:"D:\AboutCourse\Software\homework\third_project\Release\third_project.pdb" /SUBSYSTEM:CONSOLE /OPT:REF /OPT:ICF /LTCG /TLBID:1 /DYNAMICBASE /NXCOMPAT /IMPLIB:"D:\AboutCourse\Software\homework\third_project\Release\third_project.lib" /MACHINE:X86 Release\main.obj
            正在创建库 D:\AboutCourse\Software\homework\third_project\Release\third_project.lib 和对象 D:\AboutCourse\Software\homework\third_project\Release\third_project.exp
         正在生成代码
         已完成代码的生成
         third_project.vcxproj -> D:\AboutCourse\Software\homework\third_project\Release\third_project.exe
       Manifest:
         C:\Program Files (x86)\Microsoft SDKs\Windows\v7.0A\bin\mt.exe /nologo /verbose /outputresource:"D:\AboutCourse\Software\homework\third_project\Release\third_project.exe;#1" /manifest Release\third_project.exe.intermediate.manifest
       FinalizeBuildStatus:
         正在删除文件“Release\third_project.unsuccessfulbuild”。
         正在对“Release\third_project.lastbuildstate”执行 Touch 任务。
     1>已完成生成项目“D:\AboutCourse\Software\homework\third_project\third_project.vcxproj”(build 个目标)的操作。

生成成功。

已用时间 00:00:01.88
